mode: set
github.com/montybeatnik/netgo/netgo.go:25.34,26.28 1 1
github.com/montybeatnik/netgo/netgo.go:26.28,28.3 1 1
github.com/montybeatnik/netgo/netgo.go:32.36,33.28 1 1
github.com/montybeatnik/netgo/netgo.go:33.28,38.3 2 1
github.com/montybeatnik/netgo/netgo.go:42.43,44.16 2 0
github.com/montybeatnik/netgo/netgo.go:47.2,48.16 2 0
github.com/montybeatnik/netgo/netgo.go:51.2,51.28 1 0
github.com/montybeatnik/netgo/netgo.go:44.16,46.3 1 0
github.com/montybeatnik/netgo/netgo.go:48.16,50.3 1 0
github.com/montybeatnik/netgo/netgo.go:51.28,56.3 2 0
github.com/montybeatnik/netgo/netgo.go:60.47,61.28 1 0
github.com/montybeatnik/netgo/netgo.go:61.28,63.3 1 0
github.com/montybeatnik/netgo/netgo.go:66.55,67.28 1 0
github.com/montybeatnik/netgo/netgo.go:67.28,69.17 2 0
github.com/montybeatnik/netgo/netgo.go:72.3,72.48 1 0
github.com/montybeatnik/netgo/netgo.go:69.17,71.4 1 0
github.com/montybeatnik/netgo/netgo.go:78.58,91.27 3 1
github.com/montybeatnik/netgo/netgo.go:94.2,94.15 1 1
github.com/montybeatnik/netgo/netgo.go:91.27,93.3 1 1
github.com/montybeatnik/netgo/netgo.go:99.53,101.16 2 1
github.com/montybeatnik/netgo/netgo.go:104.2,106.16 3 1
github.com/montybeatnik/netgo/netgo.go:109.2,111.16 3 1
github.com/montybeatnik/netgo/netgo.go:114.2,114.28 1 1
github.com/montybeatnik/netgo/netgo.go:101.16,103.3 1 0
github.com/montybeatnik/netgo/netgo.go:106.16,108.3 1 0
github.com/montybeatnik/netgo/netgo.go:111.16,113.3 1 0
github.com/montybeatnik/netgo/netgo.go:120.60,122.16 2 0
github.com/montybeatnik/netgo/netgo.go:125.2,125.29 1 0
github.com/montybeatnik/netgo/netgo.go:122.16,124.3 1 0
github.com/montybeatnik/netgo/netgo.go:130.78,133.16 2 0
github.com/montybeatnik/netgo/netgo.go:138.2,139.16 2 0
github.com/montybeatnik/netgo/netgo.go:142.2,142.27 1 0
github.com/montybeatnik/netgo/netgo.go:133.16,136.3 2 0
github.com/montybeatnik/netgo/netgo.go:139.16,141.3 1 0
github.com/montybeatnik/netgo/netgo.go:146.71,149.16 3 0
github.com/montybeatnik/netgo/netgo.go:153.2,154.16 2 0
github.com/montybeatnik/netgo/netgo.go:157.2,161.16 4 0
github.com/montybeatnik/netgo/netgo.go:165.2,166.16 2 0
github.com/montybeatnik/netgo/netgo.go:170.2,170.27 1 0
github.com/montybeatnik/netgo/netgo.go:176.2,177.16 2 0
github.com/montybeatnik/netgo/netgo.go:180.2,181.16 2 0
github.com/montybeatnik/netgo/netgo.go:184.2,184.35 1 0
github.com/montybeatnik/netgo/netgo.go:149.16,151.3 1 0
github.com/montybeatnik/netgo/netgo.go:154.16,156.3 1 0
github.com/montybeatnik/netgo/netgo.go:161.16,163.3 1 0
github.com/montybeatnik/netgo/netgo.go:166.16,168.3 1 0
github.com/montybeatnik/netgo/netgo.go:170.27,172.17 2 0
github.com/montybeatnik/netgo/netgo.go:172.17,174.4 1 0
github.com/montybeatnik/netgo/netgo.go:177.16,179.3 1 0
github.com/montybeatnik/netgo/netgo.go:181.16,183.3 1 0
